{"name": "login to application -- @1.1 ", "status": "broken", "statusDetails": {"message": "selenium.common.exceptions.NoSuchElementException: Message: no such element: Unable to locate element: {\"method\":\"xpath\",\"selector\":\"//*[@id=\"logout\"]\"}\n  (Session info: chrome=141.0.7390.123); For documentation on this error, please visit: https://www.selenium.dev/documentation/webdriver/troubleshooting/errors#no-such-element-exception\nStacktrace:\n0   chromedriver                        0x00000001025a7cf8 cxxbridge1$str$ptr + 2895872\n1   chromedriver                        0x000000010259fc34 cxxbridge1$str$ptr + 2862908\n2   chromedriver                        0x00000001020c5570 _RNvCs47EqcsrPRmA_7___rustc35___rust_no_alloc_shim_is_unstable_v2 + 74324\n3   chromedriver                        0x000000010210cf34 _RNvCs47EqcsrPRmA_7___rustc35___rust_no_alloc_shim_is_unstable_v2 + 367640\n4   chromedriver                        0x000000010214e3d8 _RNvCs47EqcsrPRmA_7___rustc35___rust_no_alloc_shim_is_unstable_v2 + 635068\n5   chromedriver                        0x00000001021010f8 _RNvCs47EqcsrPRmA_7___rustc35___rust_no_alloc_shim_is_unstable_v2 + 318940\n6   chromedriver                        0x000000010256b81c cxxbridge1$str$ptr + 2648868\n7   chromedriver                        0x000000010256edf8 cxxbridge1$str$ptr + 2662656\n8   chromedriver                        0x000000010254c334 cxxbridge1$str$ptr + 2520636\n9   chromedriver                        0x000000010256f6e0 cxxbridge1$str$ptr + 2664936\n10  chromedriver                        0x000000010253da80 cxxbridge1$str$ptr + 2461064\n11  chromedriver                        0x000000010258f014 cxxbridge1$str$ptr + 2794268\n12  chromedriver                        0x000000010258f198 cxxbridge1$str$ptr + 2794656\n13  chromedriver                        0x000000010259f880 cxxbridge1$str$ptr + 2861960\n14  libsystem_pthread.dylib             0x0000000181731034 _pthread_start + 136\n15  libsystem_pthread.dylib             0x000000018172be3c thread_start + 8\n\n", "trace": "  File \"/opt/homebrew/lib/python3.11/site-packages/behave/model.py\", line 1329, in run\n    match.run(runner.context)\n  File \"/opt/homebrew/lib/python3.11/site-packages/behave/matchers.py\", line 98, in run\n    self.func(context, *args, **kwargs)\n  File \"features/steps/login.py\", line 43, in step_impl\n    logout_button=context.driver.find_element(By.XPATH, '//*[@id=\"logout\"]')\n                  ^^^^^^^^^^^^^^^^^^^^^^^^^^^^^^^^^^^^^^^^^^^^^^^^^^^^^^^^^^\n  File \"/opt/homebrew/lib/python3.11/site-packages/selenium/webdriver/remote/webdriver.py\", line 741, in find_element\n    return self.execute(Command.FIND_ELEMENT, {\"using\": by, \"value\": value})[\"value\"]\n           ^^^^^^^^^^^^^^^^^^^^^^^^^^^^^^^^^^^^^^^^^^^^^^^^^^^^^^^^^^^^^^^^^\n  File \"/opt/homebrew/lib/python3.11/site-packages/selenium/webdriver/remote/webdriver.py\", line 347, in execute\n    self.error_handler.check_response(response)\n  File \"/opt/homebrew/lib/python3.11/site-packages/selenium/webdriver/remote/errorhandler.py\", line 229, in check_response\n    raise exception_class(message, screen, stacktrace)\n"}, "steps": [{"name": "Given I launch application", "status": "passed", "start": 1761730462808, "stop": 1761730464827}, {"name": "When I enter \"mkadam661@gmaighgl.com\" and \"Manish123\"", "status": "passed", "start": 1761730464827, "stop": 1761730469998}, {"name": "When I click on submit button", "status": "passed", "start": 1761730469999, "stop": 1761730470050}, {"name": "Then I verify successfully login", "status": "broken", "statusDetails": {"message": "selenium.common.exceptions.NoSuchElementException: Message: no such element: Unable to locate element: {\"method\":\"xpath\",\"selector\":\"//*[@id=\"logout\"]\"}\n  (Session info: chrome=141.0.7390.123); For documentation on this error, please visit: https://www.selenium.dev/documentation/webdriver/troubleshooting/errors#no-such-element-exception\nStacktrace:\n0   chromedriver                        0x00000001025a7cf8 cxxbridge1$str$ptr + 2895872\n1   chromedriver                        0x000000010259fc34 cxxbridge1$str$ptr + 2862908\n2   chromedriver                        0x00000001020c5570 _RNvCs47EqcsrPRmA_7___rustc35___rust_no_alloc_shim_is_unstable_v2 + 74324\n3   chromedriver                        0x000000010210cf34 _RNvCs47EqcsrPRmA_7___rustc35___rust_no_alloc_shim_is_unstable_v2 + 367640\n4   chromedriver                        0x000000010214e3d8 _RNvCs47EqcsrPRmA_7___rustc35___rust_no_alloc_shim_is_unstable_v2 + 635068\n5   chromedriver                        0x00000001021010f8 _RNvCs47EqcsrPRmA_7___rustc35___rust_no_alloc_shim_is_unstable_v2 + 318940\n6   chromedriver                        0x000000010256b81c cxxbridge1$str$ptr + 2648868\n7   chromedriver                        0x000000010256edf8 cxxbridge1$str$ptr + 2662656\n8   chromedriver                        0x000000010254c334 cxxbridge1$str$ptr + 2520636\n9   chromedriver                        0x000000010256f6e0 cxxbridge1$str$ptr + 2664936\n10  chromedriver                        0x000000010253da80 cxxbridge1$str$ptr + 2461064\n11  chromedriver                        0x000000010258f014 cxxbridge1$str$ptr + 2794268\n12  chromedriver                        0x000000010258f198 cxxbridge1$str$ptr + 2794656\n13  chromedriver                        0x000000010259f880 cxxbridge1$str$ptr + 2861960\n14  libsystem_pthread.dylib             0x0000000181731034 _pthread_start + 136\n15  libsystem_pthread.dylib             0x000000018172be3c thread_start + 8\n\n", "trace": "  File \"/opt/homebrew/lib/python3.11/site-packages/behave/model.py\", line 1329, in run\n    match.run(runner.context)\n  File \"/opt/homebrew/lib/python3.11/site-packages/behave/matchers.py\", line 98, in run\n    self.func(context, *args, **kwargs)\n  File \"features/steps/login.py\", line 43, in step_impl\n    logout_button=context.driver.find_element(By.XPATH, '//*[@id=\"logout\"]')\n                  ^^^^^^^^^^^^^^^^^^^^^^^^^^^^^^^^^^^^^^^^^^^^^^^^^^^^^^^^^^\n  File \"/opt/homebrew/lib/python3.11/site-packages/selenium/webdriver/remote/webdriver.py\", line 741, in find_element\n    return self.execute(Command.FIND_ELEMENT, {\"using\": by, \"value\": value})[\"value\"]\n           ^^^^^^^^^^^^^^^^^^^^^^^^^^^^^^^^^^^^^^^^^^^^^^^^^^^^^^^^^^^^^^^^^\n  File \"/opt/homebrew/lib/python3.11/site-packages/selenium/webdriver/remote/webdriver.py\", line 347, in execute\n    self.error_handler.check_response(response)\n  File \"/opt/homebrew/lib/python3.11/site-packages/selenium/webdriver/remote/errorhandler.py\", line 229, in check_response\n    raise exception_class(message, screen, stacktrace)\n"}, "attachments": [{"name": "Step Failed: I verify successfully login", "source": "4544f6b3-9db7-436e-a49f-4320479f92b2-attachment.png", "type": "image/png"}], "start": 1761730470050, "stop": 1761730478220}], "parameters": [{"name": "email", "value": "mkadam661@gmaighgl.com"}, {"name": "password", "value": "Manish123"}], "start": 1761730462245, "stop": 1761730478294, "uuid": "a87e7fac-39ee-4ce5-9d05-d6a4c703a4db", "historyId": "40ca3b9eb9802f711c8f82b52ef570e3", "fullName": "automation exercise: login to application", "labels": [{"name": "severity", "value": "normal"}, {"name": "feature", "value": "automation exercise"}, {"name": "framework", "value": "behave"}, {"name": "language", "value": "cpython3"}]}