{"name": "signup in to app", "status": "broken", "statusDetails": {"message": "selenium.common.exceptions.NoSuchElementException: Message: no such element: Unable to locate element: {\"method\":\"xpath\",\"selector\":\"//*[@id=\"signup\"]\"}\n  (Session info: chrome=141.0.7390.123); For documentation on this error, please visit: https://www.selenium.dev/documentation/webdriver/troubleshooting/errors#no-such-element-exception\nStacktrace:\n0   chromedriver                        0x0000000104a57cf8 cxxbridge1$str$ptr + 2895872\n1   chromedriver                        0x0000000104a4fc34 cxxbridge1$str$ptr + 2862908\n2   chromedriver                        0x0000000104575570 _RNvCs47EqcsrPRmA_7___rustc35___rust_no_alloc_shim_is_unstable_v2 + 74324\n3   chromedriver                        0x00000001045bcf34 _RNvCs47EqcsrPRmA_7___rustc35___rust_no_alloc_shim_is_unstable_v2 + 367640\n4   chromedriver                        0x00000001045fe3d8 _RNvCs47EqcsrPRmA_7___rustc35___rust_no_alloc_shim_is_unstable_v2 + 635068\n5   chromedriver                        0x00000001045b10f8 _RNvCs47EqcsrPRmA_7___rustc35___rust_no_alloc_shim_is_unstable_v2 + 318940\n6   chromedriver                        0x0000000104a1b81c cxxbridge1$str$ptr + 2648868\n7   chromedriver                        0x0000000104a1edf8 cxxbridge1$str$ptr + 2662656\n8   chromedriver                        0x00000001049fc334 cxxbridge1$str$ptr + 2520636\n9   chromedriver                        0x0000000104a1f6e0 cxxbridge1$str$ptr + 2664936\n10  chromedriver                        0x00000001049eda80 cxxbridge1$str$ptr + 2461064\n11  chromedriver                        0x0000000104a3f014 cxxbridge1$str$ptr + 2794268\n12  chromedriver                        0x0000000104a3f198 cxxbridge1$str$ptr + 2794656\n13  chromedriver                        0x0000000104a4f880 cxxbridge1$str$ptr + 2861960\n14  libsystem_pthread.dylib             0x0000000181731034 _pthread_start + 136\n15  libsystem_pthread.dylib             0x000000018172be3c thread_start + 8\n\n", "trace": "  File \"/opt/homebrew/lib/python3.11/site-packages/behave/model.py\", line 1329, in run\n    match.run(runner.context)\n  File \"/opt/homebrew/lib/python3.11/site-packages/behave/matchers.py\", line 98, in run\n    self.func(context, *args, **kwargs)\n  File \"features/steps/Launch.py\", line 15, in step_impl\n    context.driver.find_element(By.XPATH,'//*[@id=\"signup\"]').click()\n    ^^^^^^^^^^^^^^^^^^^^^^^^^^^^^^^^^^^^^^^^^^^^^^^^^^^^^^^^^\n  File \"/opt/homebrew/lib/python3.11/site-packages/selenium/webdriver/remote/webdriver.py\", line 741, in find_element\n    return self.execute(Command.FIND_ELEMENT, {\"using\": by, \"value\": value})[\"value\"]\n           ^^^^^^^^^^^^^^^^^^^^^^^^^^^^^^^^^^^^^^^^^^^^^^^^^^^^^^^^^^^^^^^^^\n  File \"/opt/homebrew/lib/python3.11/site-packages/selenium/webdriver/remote/webdriver.py\", line 347, in execute\n    self.error_handler.check_response(response)\n  File \"/opt/homebrew/lib/python3.11/site-packages/selenium/webdriver/remote/errorhandler.py\", line 229, in check_response\n    raise exception_class(message, screen, stacktrace)\n"}, "steps": [{"name": "Then I clicked on signup", "status": "broken", "statusDetails": {"message": "selenium.common.exceptions.NoSuchElementException: Message: no such element: Unable to locate element: {\"method\":\"xpath\",\"selector\":\"//*[@id=\"signup\"]\"}\n  (Session info: chrome=141.0.7390.123); For documentation on this error, please visit: https://www.selenium.dev/documentation/webdriver/troubleshooting/errors#no-such-element-exception\nStacktrace:\n0   chromedriver                        0x0000000104a57cf8 cxxbridge1$str$ptr + 2895872\n1   chromedriver                        0x0000000104a4fc34 cxxbridge1$str$ptr + 2862908\n2   chromedriver                        0x0000000104575570 _RNvCs47EqcsrPRmA_7___rustc35___rust_no_alloc_shim_is_unstable_v2 + 74324\n3   chromedriver                        0x00000001045bcf34 _RNvCs47EqcsrPRmA_7___rustc35___rust_no_alloc_shim_is_unstable_v2 + 367640\n4   chromedriver                        0x00000001045fe3d8 _RNvCs47EqcsrPRmA_7___rustc35___rust_no_alloc_shim_is_unstable_v2 + 635068\n5   chromedriver                        0x00000001045b10f8 _RNvCs47EqcsrPRmA_7___rustc35___rust_no_alloc_shim_is_unstable_v2 + 318940\n6   chromedriver                        0x0000000104a1b81c cxxbridge1$str$ptr + 2648868\n7   chromedriver                        0x0000000104a1edf8 cxxbridge1$str$ptr + 2662656\n8   chromedriver                        0x00000001049fc334 cxxbridge1$str$ptr + 2520636\n9   chromedriver                        0x0000000104a1f6e0 cxxbridge1$str$ptr + 2664936\n10  chromedriver                        0x00000001049eda80 cxxbridge1$str$ptr + 2461064\n11  chromedriver                        0x0000000104a3f014 cxxbridge1$str$ptr + 2794268\n12  chromedriver                        0x0000000104a3f198 cxxbridge1$str$ptr + 2794656\n13  chromedriver                        0x0000000104a4f880 cxxbridge1$str$ptr + 2861960\n14  libsystem_pthread.dylib             0x0000000181731034 _pthread_start + 136\n15  libsystem_pthread.dylib             0x000000018172be3c thread_start + 8\n\n", "trace": "  File \"/opt/homebrew/lib/python3.11/site-packages/behave/model.py\", line 1329, in run\n    match.run(runner.context)\n  File \"/opt/homebrew/lib/python3.11/site-packages/behave/matchers.py\", line 98, in run\n    self.func(context, *args, **kwargs)\n  File \"features/steps/Launch.py\", line 15, in step_impl\n    context.driver.find_element(By.XPATH,'//*[@id=\"signup\"]').click()\n    ^^^^^^^^^^^^^^^^^^^^^^^^^^^^^^^^^^^^^^^^^^^^^^^^^^^^^^^^^\n  File \"/opt/homebrew/lib/python3.11/site-packages/selenium/webdriver/remote/webdriver.py\", line 741, in find_element\n    return self.execute(Command.FIND_ELEMENT, {\"using\": by, \"value\": value})[\"value\"]\n           ^^^^^^^^^^^^^^^^^^^^^^^^^^^^^^^^^^^^^^^^^^^^^^^^^^^^^^^^^^^^^^^^^\n  File \"/opt/homebrew/lib/python3.11/site-packages/selenium/webdriver/remote/webdriver.py\", line 347, in execute\n    self.error_handler.check_response(response)\n  File \"/opt/homebrew/lib/python3.11/site-packages/selenium/webdriver/remote/errorhandler.py\", line 229, in check_response\n    raise exception_class(message, screen, stacktrace)\n"}, "start": 1761712297742, "stop": 1761712297850}], "start": 1761712297742, "stop": 1761712297850, "uuid": "4ca270af-1c3f-4ccb-ac4f-0bc831f3d219", "historyId": "efd71b71ac629d325885bfcb7a973745", "fullName": "automation exercise: signup in to app", "labels": [{"name": "severity", "value": "normal"}, {"name": "tag", "value": "sanity"}, {"name": "feature", "value": "automation exercise"}, {"name": "framework", "value": "behave"}, {"name": "language", "value": "cpython3"}]}