{"name": "login to application -- @1.1 ", "status": "broken", "statusDetails": {"message": "selenium.common.exceptions.NoSuchElementException: Message: no such element: Unable to locate element: {\"method\":\"xpath\",\"selector\":\"//*[@id=\"email\"]\"}\n  (Session info: chrome=141.0.7390.123); For documentation on this error, please visit: https://www.selenium.dev/documentation/webdriver/troubleshooting/errors#no-such-element-exception\nStacktrace:\n0   chromedriver                        0x0000000105413cf8 cxxbridge1$str$ptr + 2895872\n1   chromedriver                        0x000000010540bc34 cxxbridge1$str$ptr + 2862908\n2   chromedriver                        0x0000000104f31570 _RNvCs47EqcsrPRmA_7___rustc35___rust_no_alloc_shim_is_unstable_v2 + 74324\n3   chromedriver                        0x0000000104f78f34 _RNvCs47EqcsrPRmA_7___rustc35___rust_no_alloc_shim_is_unstable_v2 + 367640\n4   chromedriver                        0x0000000104fba3d8 _RNvCs47EqcsrPRmA_7___rustc35___rust_no_alloc_shim_is_unstable_v2 + 635068\n5   chromedriver                        0x0000000104f6d0f8 _RNvCs47EqcsrPRmA_7___rustc35___rust_no_alloc_shim_is_unstable_v2 + 318940\n6   chromedriver                        0x00000001053d781c cxxbridge1$str$ptr + 2648868\n7   chromedriver                        0x00000001053dadf8 cxxbridge1$str$ptr + 2662656\n8   chromedriver                        0x00000001053b8334 cxxbridge1$str$ptr + 2520636\n9   chromedriver                        0x00000001053db6e0 cxxbridge1$str$ptr + 2664936\n10  chromedriver                        0x00000001053a9a80 cxxbridge1$str$ptr + 2461064\n11  chromedriver                        0x00000001053fb014 cxxbridge1$str$ptr + 2794268\n12  chromedriver                        0x00000001053fb198 cxxbridge1$str$ptr + 2794656\n13  chromedriver                        0x000000010540b880 cxxbridge1$str$ptr + 2861960\n14  libsystem_pthread.dylib             0x0000000181731034 _pthread_start + 136\n15  libsystem_pthread.dylib             0x000000018172be3c thread_start + 8\n\n", "trace": "  File \"/opt/homebrew/lib/python3.11/site-packages/behave/model.py\", line 1329, in run\n    match.run(runner.context)\n  File \"/opt/homebrew/lib/python3.11/site-packages/behave/matchers.py\", line 98, in run\n    self.func(context, *args, **kwargs)\n  File \"features/steps/login.py\", line 31, in step_impl\n    context.driver.find_element(By.XPATH, '//*[@id=\"email\"]').send_keys(email)\n    ^^^^^^^^^^^^^^^^^^^^^^^^^^^^^^^^^^^^^^^^^^^^^^^^^^^^^^^^^\n  File \"/opt/homebrew/lib/python3.11/site-packages/selenium/webdriver/remote/webdriver.py\", line 741, in find_element\n    return self.execute(Command.FIND_ELEMENT, {\"using\": by, \"value\": value})[\"value\"]\n           ^^^^^^^^^^^^^^^^^^^^^^^^^^^^^^^^^^^^^^^^^^^^^^^^^^^^^^^^^^^^^^^^^\n  File \"/opt/homebrew/lib/python3.11/site-packages/selenium/webdriver/remote/webdriver.py\", line 347, in execute\n    self.error_handler.check_response(response)\n  File \"/opt/homebrew/lib/python3.11/site-packages/selenium/webdriver/remote/errorhandler.py\", line 229, in check_response\n    raise exception_class(message, screen, stacktrace)\n"}, "steps": [{"name": "When I enter \"mkadam661@gmail.com\" and \"Manish123\"", "status": "broken", "statusDetails": {"message": "selenium.common.exceptions.NoSuchElementException: Message: no such element: Unable to locate element: {\"method\":\"xpath\",\"selector\":\"//*[@id=\"email\"]\"}\n  (Session info: chrome=141.0.7390.123); For documentation on this error, please visit: https://www.selenium.dev/documentation/webdriver/troubleshooting/errors#no-such-element-exception\nStacktrace:\n0   chromedriver                        0x0000000105413cf8 cxxbridge1$str$ptr + 2895872\n1   chromedriver                        0x000000010540bc34 cxxbridge1$str$ptr + 2862908\n2   chromedriver                        0x0000000104f31570 _RNvCs47EqcsrPRmA_7___rustc35___rust_no_alloc_shim_is_unstable_v2 + 74324\n3   chromedriver                        0x0000000104f78f34 _RNvCs47EqcsrPRmA_7___rustc35___rust_no_alloc_shim_is_unstable_v2 + 367640\n4   chromedriver                        0x0000000104fba3d8 _RNvCs47EqcsrPRmA_7___rustc35___rust_no_alloc_shim_is_unstable_v2 + 635068\n5   chromedriver                        0x0000000104f6d0f8 _RNvCs47EqcsrPRmA_7___rustc35___rust_no_alloc_shim_is_unstable_v2 + 318940\n6   chromedriver                        0x00000001053d781c cxxbridge1$str$ptr + 2648868\n7   chromedriver                        0x00000001053dadf8 cxxbridge1$str$ptr + 2662656\n8   chromedriver                        0x00000001053b8334 cxxbridge1$str$ptr + 2520636\n9   chromedriver                        0x00000001053db6e0 cxxbridge1$str$ptr + 2664936\n10  chromedriver                        0x00000001053a9a80 cxxbridge1$str$ptr + 2461064\n11  chromedriver                        0x00000001053fb014 cxxbridge1$str$ptr + 2794268\n12  chromedriver                        0x00000001053fb198 cxxbridge1$str$ptr + 2794656\n13  chromedriver                        0x000000010540b880 cxxbridge1$str$ptr + 2861960\n14  libsystem_pthread.dylib             0x0000000181731034 _pthread_start + 136\n15  libsystem_pthread.dylib             0x000000018172be3c thread_start + 8\n\n", "trace": "  File \"/opt/homebrew/lib/python3.11/site-packages/behave/model.py\", line 1329, in run\n    match.run(runner.context)\n  File \"/opt/homebrew/lib/python3.11/site-packages/behave/matchers.py\", line 98, in run\n    self.func(context, *args, **kwargs)\n  File \"features/steps/login.py\", line 31, in step_impl\n    context.driver.find_element(By.XPATH, '//*[@id=\"email\"]').send_keys(email)\n    ^^^^^^^^^^^^^^^^^^^^^^^^^^^^^^^^^^^^^^^^^^^^^^^^^^^^^^^^^\n  File \"/opt/homebrew/lib/python3.11/site-packages/selenium/webdriver/remote/webdriver.py\", line 741, in find_element\n    return self.execute(Command.FIND_ELEMENT, {\"using\": by, \"value\": value})[\"value\"]\n           ^^^^^^^^^^^^^^^^^^^^^^^^^^^^^^^^^^^^^^^^^^^^^^^^^^^^^^^^^^^^^^^^^\n  File \"/opt/homebrew/lib/python3.11/site-packages/selenium/webdriver/remote/webdriver.py\", line 347, in execute\n    self.error_handler.check_response(response)\n  File \"/opt/homebrew/lib/python3.11/site-packages/selenium/webdriver/remote/errorhandler.py\", line 229, in check_response\n    raise exception_class(message, screen, stacktrace)\n"}, "start": 1761712203712, "stop": 1761712206735}, {"name": "When I click on submit button", "status": "skipped", "start": 1761712206736, "stop": 1761712206736}, {"name": "Then I verify successfully login", "status": "skipped", "start": 1761712206736, "stop": 1761712206736}], "parameters": [{"name": "email", "value": "mkadam661@gmail.com"}, {"name": "password", "value": "Manish123"}], "start": 1761712203712, "stop": 1761712206736, "uuid": "5e29bac5-0623-471b-8e65-aa9a2817d7b9", "historyId": "e7ac22deb318f28a0d9a38c3f18125da", "fullName": "automation exercise: login to application", "labels": [{"name": "severity", "value": "normal"}, {"name": "tag", "value": "smoke"}, {"name": "feature", "value": "automation exercise"}, {"name": "framework", "value": "behave"}, {"name": "language", "value": "cpython3"}]}